# JRE version: OpenJDK Runtime Environment (8.0_242-b01) (build 1.8.0_242-release-1644-b01)
# Java VM: OpenJDK 64-Bit Server VM (25.242-b01 mixed mode windows-amd64 compressed oops)
Heap:
 PSYoungGen      total 273408K, used 65444K [0x00000000d5580000, 0x00000000eb500000, 0x0000000100000000)
  eden space 241152K, 13% used [0x00000000d5580000,0x00000000d75efbd0,0x00000000e4100000)
  from space 32256K, 99% used [0x00000000e6d00000,0x00000000e8c794a8,0x00000000e8c80000)
  to   space 45056K, 0% used [0x00000000e4100000,0x00000000e4100000,0x00000000e6d00000)
 ParOldGen       total 150528K, used 94873K [0x0000000080000000, 0x0000000089300000, 0x00000000d5580000)
  object space 150528K, 63% used [0x0000000080000000,0x0000000085ca67a8,0x0000000089300000)
 Metaspace       used 105976K, capacity 111490K, committed 111832K, reserved 1146880K
  class space    used 13845K, capacity 14969K, committed 15064K, reserved 1048576K
GC Heap History (10 events):
Event: 444.510 GC heap before
{Heap before GC invocations=24 (full 3):
 PSYoungGen      total 238592K, used 238591K [0x00000000d5580000, 0x00000000e6700000, 0x0000000100000000)
  eden space 215040K, 100% used [0x00000000d5580000,0x00000000e2780000,0x00000000e2780000)
  from space 23552K, 99% used [0x00000000e4480000,0x00000000e5b7fd20,0x00000000e5b80000)
  to   space 29696K, 0% used [0x00000000e2780000,0x00000000e2780000,0x00000000e4480000)
 ParOldGen       total 87040K, used 64360K [0x0000000080000000, 0x0000000085500000, 0x00000000d5580000)
  object space 87040K, 73% used [0x0000000080000000,0x0000000083eda3d0,0x0000000085500000)
 Metaspace       used 89744K, capacity 94252K, committed 94424K, reserved 1130496K
  class space    used 11767K, capacity 12692K, committed 12760K, reserved 1048576K
Event: 444.787 GC heap after
Heap after GC invocations=24 (full 3):
 PSYoungGen      total 244736K, used 11631K [0x00000000d5580000, 0x00000000e7300000, 0x0000000100000000)
  eden space 215040K, 0% used [0x00000000d5580000,0x00000000d5580000,0x00000000e2780000)
  from space 29696K, 39% used [0x00000000e2780000,0x00000000e32dbd28,0x00000000e4480000)
  to   space 28160K, 0% used [0x00000000e5780000,0x00000000e5780000,0x00000000e7300000)
 ParOldGen       total 87040K, used 71483K [0x0000000080000000, 0x0000000085500000, 0x00000000d5580000)
  object space 87040K, 82% used [0x0000000080000000,0x00000000845cec98,0x0000000085500000)
 Metaspace       used 89744K, capacity 94252K, committed 94424K, reserved 1130496K
  class space    used 11767K, capacity 12692K, committed 12760K, reserved 1048576K
}
Event: 527.040 GC heap before
{Heap before GC invocations=25 (full 3):
 PSYoungGen      total 244736K, used 216257K [0x00000000d5580000, 0x00000000e7300000, 0x0000000100000000)
  eden space 215040K, 95% used [0x00000000d5580000,0x00000000e1d54a38,0x00000000e2780000)
  from space 29696K, 39% used [0x00000000e2780000,0x00000000e32dbd28,0x00000000e4480000)
  to   space 28160K, 0% used [0x00000000e5780000,0x00000000e5780000,0x00000000e7300000)
 ParOldGen       total 87040K, used 71483K [0x0000000080000000, 0x0000000085500000, 0x00000000d5580000)
  object space 87040K, 82% used [0x0000000080000000,0x00000000845cec98,0x0000000085500000)
 Metaspace       used 93393K, capacity 98264K, committed 98280K, reserved 1134592K
  class space    used 12143K, capacity 13140K, committed 13144K, reserved 1048576K
Event: 527.315 GC heap after
Heap after GC invocations=25 (full 3):
 PSYoungGen      total 258560K, used 28135K [0x00000000d5580000, 0x00000000e7c00000, 0x0000000100000000)
  eden space 230400K, 0% used [0x00000000d5580000,0x00000000d5580000,0x00000000e3680000)
  from space 28160K, 99% used [0x00000000e5780000,0x00000000e72f9da8,0x00000000e7300000)
  to   space 33792K, 0% used [0x00000000e3680000,0x00000000e3680000,0x00000000e5780000)
 ParOldGen       total 87040K, used 74518K [0x0000000080000000, 0x0000000085500000, 0x00000000d5580000)
  object space 87040K, 85% used [0x0000000080000000,0x00000000848c5be0,0x0000000085500000)
 Metaspace       used 93393K, capacity 98264K, committed 98280K, reserved 1134592K
  class space    used 12143K, capacity 13140K, committed 13144K, reserved 1048576K
}
Event: 527.315 GC heap before
{Heap before GC invocations=26 (full 4):
 PSYoungGen      total 258560K, used 28135K [0x00000000d5580000, 0x00000000e7c00000, 0x0000000100000000)
  eden space 230400K, 0% used [0x00000000d5580000,0x00000000d5580000,0x00000000e3680000)
  from space 28160K, 99% used [0x00000000e5780000,0x00000000e72f9da8,0x00000000e7300000)
  to   space 33792K, 0% used [0x00000000e3680000,0x00000000e3680000,0x00000000e5780000)
 ParOldGen       total 87040K, used 74518K [0x0000000080000000, 0x0000000085500000, 0x00000000d5580000)
  object space 87040K, 85% used [0x0000000080000000,0x00000000848c5be0,0x0000000085500000)
 Metaspace       used 93393K, capacity 98264K, committed 98280K, reserved 1134592K
  class space    used 12143K, capacity 13140K, committed 13144K, reserved 1048576K
Event: 529.204 GC heap after
Heap after GC invocations=26 (full 4):
 PSYoungGen      total 258560K, used 0K [0x00000000d5580000, 0x00000000e7c00000, 0x0000000100000000)
  eden space 230400K, 0% used [0x00000000d5580000,0x00000000d5580000,0x00000000e3680000)
  from space 28160K, 0% used [0x00000000e5780000,0x00000000e5780000,0x00000000e7300000)
  to   space 33792K, 0% used [0x00000000e3680000,0x00000000e3680000,0x00000000e5780000)
 ParOldGen       total 150528K, used 73089K [0x0000000080000000, 0x0000000089300000, 0x00000000d5580000)
  object space 150528K, 48% used [0x0000000080000000,0x0000000084760588,0x0000000089300000)
 Metaspace       used 93214K, capacity 97744K, committed 98280K, reserved 1134592K
  class space    used 12085K, capacity 13044K, committed 13144K, reserved 1048576K
}
Event: 538.796 GC heap before
{Heap before GC invocations=27 (full 4):
 PSYoungGen      total 258560K, used 230398K [0x00000000d5580000, 0x00000000e7c00000, 0x0000000100000000)
  eden space 230400K, 99% used [0x00000000d5580000,0x00000000e367f8f0,0x00000000e3680000)
  from space 28160K, 0% used [0x00000000e5780000,0x00000000e5780000,0x00000000e7300000)
  to   space 33792K, 0% used [0x00000000e3680000,0x00000000e3680000,0x00000000e5780000)
 ParOldGen       total 150528K, used 73089K [0x0000000080000000, 0x0000000089300000, 0x00000000d5580000)
  object space 150528K, 48% used [0x0000000080000000,0x0000000084760588,0x0000000089300000)
 Metaspace       used 99774K, capacity 104600K, committed 104920K, reserved 1140736K
  class space    used 12919K, capacity 13956K, committed 14040K, reserved 1048576K
Event: 538.866 GC heap after
Heap after GC invocations=27 (full 4):
 PSYoungGen      total 264192K, used 14658K [0x00000000d5580000, 0x00000000e8c80000, 0x0000000100000000)
  eden space 230400K, 0% used [0x00000000d5580000,0x00000000d5580000,0x00000000e3680000)
  from space 33792K, 43% used [0x00000000e3680000,0x00000000e44d0a98,0x00000000e5780000)
  to   space 32256K, 0% used [0x00000000e6d00000,0x00000000e6d00000,0x00000000e8c80000)
 ParOldGen       total 150528K, used 73097K [0x0000000080000000, 0x0000000089300000, 0x00000000d5580000)
  object space 150528K, 48% used [0x0000000080000000,0x0000000084762588,0x0000000089300000)
 Metaspace       used 99774K, capacity 104600K, committed 104920K, reserved 1140736K
  class space    used 12919K, capacity 13956K, committed 14040K, reserved 1048576K
}
Event: 542.210 GC heap before
{Heap before GC invocations=28 (full 4):
 PSYoungGen      total 264192K, used 245058K [0x00000000d5580000, 0x00000000e8c80000, 0x0000000100000000)
  eden space 230400K, 100% used [0x00000000d5580000,0x00000000e3680000,0x00000000e3680000)
  from space 33792K, 43% used [0x00000000e3680000,0x00000000e44d0a98,0x00000000e5780000)
  to   space 32256K, 0% used [0x00000000e6d00000,0x00000000e6d00000,0x00000000e8c80000)
 ParOldGen       total 150528K, used 73097K [0x0000000080000000, 0x0000000089300000, 0x00000000d5580000)
  object space 150528K, 48% used [0x0000000080000000,0x0000000084762588,0x0000000089300000)
 Metaspace       used 104385K, capacity 109790K, committed 110040K, reserved 1144832K
  class space    used 13618K, capacity 14723K, committed 14808K, reserved 1048576K
Event: 542.347 GC heap after
Heap after GC invocations=28 (full 4):
 PSYoungGen      total 273408K, used 32229K [0x00000000d5580000, 0x00000000eb500000, 0x0000000100000000)
  eden space 241152K, 0% used [0x00000000d5580000,0x00000000d5580000,0x00000000e4100000)
  from space 32256K, 99% used [0x00000000e6d00000,0x00000000e8c794a8,0x00000000e8c80000)
  to   space 45056K, 0% used [0x00000000e4100000,0x00000000e4100000,0x00000000e6d00000)
 ParOldGen       total 150528K, used 94873K [0x0000000080000000, 0x0000000089300000, 0x00000000d5580000)
  object space 150528K, 63% used [0x0000000080000000,0x0000000085ca67a8,0x0000000089300000)
 Metaspace       used 104385K, capacity 109790K, committed 110040K, reserved 1144832K
  class space    used 13618K, capacity 14723K, committed 14808K, reserved 1048576K
}

